<?xml version="1.0" encoding="UTF-8"?>
<!-- Generated by org.testng.reporters.JUnitXMLReporter -->
<testsuite ignored="2" hostname="DESKTOP-6CV4G98" failures="0" tests="4" name="Test" time="7.48" errors="0" timestamp="2022-08-04T08:07:27 IST">
  <testcase classname="tests.LoginTest" name="verifybuttontext" time="0.062"/>
  <testcase classname="tests.LoginTest" name="login" time="3.251"/>
  <testcase classname="tests.HomePageTest" name="goToTab" time="2.965"/>
  <testcase classname="tests.HomePageTest" name="logout" time="1.072"/>
  <testcase classname="tests.BaseTest" name="@BeforeSuite init" time="0.0">
    <ignored/>
  </testcase> <!-- @BeforeSuite init -->
  <testcase classname="tests.BaseTest" name="@AfterSuite tearDown" time="0.0">
    <ignored/>
  </testcase> <!-- @AfterSuite tearDown -->
</testsuite> <!-- Test -->
