<?xml version="1.0" encoding="UTF-8"?>
<testng-results ignored="2" total="6" passed="4" failed="0" skipped="0">
  <reporter-output>
  </reporter-output>
  <suite started-at="2022-08-04T08:07:20 IST" name="Suite" finished-at="2022-08-04T08:07:27 IST" duration-ms="7480">
    <groups>
    </groups>
    <test started-at="2022-08-04T08:07:20 IST" name="Test" finished-at="2022-08-04T08:07:27 IST" duration-ms="7480">
      <class name="tests.LoginTest">
        <test-method is-config="true" signature="init()[pri:0, instance:tests.LoginTest@235ecd9f]" started-at="2022-08-04T08:07:12 IST" name="init" finished-at="2022-08-04T08:07:20 IST" duration-ms="7909" status="PASS">
          <reporter-output>
          </reporter-output>
        </test-method> <!-- init -->
        <test-method is-config="true" signature="initObject()[pri:0, instance:tests.LoginTest@235ecd9f]" started-at="2022-08-04T08:07:20 IST" name="initObject" finished-at="2022-08-04T08:07:20 IST" duration-ms="40" status="PASS">
          <reporter-output>
          </reporter-output>
        </test-method> <!-- initObject -->
        <test-method signature="verifybuttontext()[pri:1, instance:tests.LoginTest@235ecd9f]" started-at="2022-08-04T08:07:20 IST" name="verifybuttontext" finished-at="2022-08-04T08:07:20 IST" duration-ms="62" status="PASS">
          <reporter-output>
          </reporter-output>
        </test-method> <!-- verifybuttontext -->
        <test-method signature="login()[pri:2, instance:tests.LoginTest@235ecd9f]" started-at="2022-08-04T08:07:20 IST" name="login" finished-at="2022-08-04T08:07:23 IST" duration-ms="3251" status="PASS">
          <reporter-output>
          </reporter-output>
        </test-method> <!-- login -->
        <test-method is-config="true" signature="tearDown()[pri:0, instance:tests.LoginTest@235ecd9f]" started-at="2022-08-04T08:07:27 IST" name="tearDown" finished-at="2022-08-04T08:07:28 IST" duration-ms="154" status="PASS">
          <reporter-output>
          </reporter-output>
        </test-method> <!-- tearDown -->
      </class> <!-- tests.LoginTest -->
      <class name="tests.HomePageTest">
        <test-method is-config="true" signature="initObject()[pri:0, instance:tests.HomePageTest@663c9e7a]" started-at="2022-08-04T08:07:23 IST" name="initObject" finished-at="2022-08-04T08:07:23 IST" duration-ms="2" status="PASS">
          <reporter-output>
          </reporter-output>
        </test-method> <!-- initObject -->
        <test-method signature="goToTab()[pri:1, instance:tests.HomePageTest@663c9e7a]" started-at="2022-08-04T08:07:23 IST" name="goToTab" finished-at="2022-08-04T08:07:26 IST" duration-ms="2965" status="PASS">
          <reporter-output>
          </reporter-output>
        </test-method> <!-- goToTab -->
        <test-method signature="logout()[pri:2, instance:tests.HomePageTest@663c9e7a]" started-at="2022-08-04T08:07:26 IST" name="logout" finished-at="2022-08-04T08:07:27 IST" duration-ms="1072" status="PASS">
          <reporter-output>
          </reporter-output>
        </test-method> <!-- logout -->
      </class> <!-- tests.HomePageTest -->
    </test> <!-- Test -->
  </suite> <!-- Suite -->
</testng-results>
