<?xml version="1.0" encoding="UTF-8"?>
<testng-results ignored="2" total="6" passed="4" failed="0" skipped="0">
  <reporter-output>
  </reporter-output>
  <suite started-at="2022-08-04T08:05:33 IST" name="Suite" finished-at="2022-08-04T08:05:41 IST" duration-ms="7664">
    <groups>
    </groups>
    <test started-at="2022-08-04T08:05:33 IST" name="Test" finished-at="2022-08-04T08:05:41 IST" duration-ms="7664">
      <class name="tests.LoginTest">
        <test-method is-config="true" signature="init()[pri:0, instance:tests.LoginTest@3e08ff24]" started-at="2022-08-04T08:05:25 IST" name="init" finished-at="2022-08-04T08:05:33 IST" duration-ms="7664" status="PASS">
          <reporter-output>
          </reporter-output>
        </test-method> <!-- init -->
        <test-method is-config="true" signature="initObject()[pri:0, instance:tests.LoginTest@3e08ff24]" started-at="2022-08-04T08:05:33 IST" name="initObject" finished-at="2022-08-04T08:05:33 IST" duration-ms="42" status="PASS">
          <reporter-output>
          </reporter-output>
        </test-method> <!-- initObject -->
        <test-method signature="verifybuttontext()[pri:1, instance:tests.LoginTest@3e08ff24]" started-at="2022-08-04T08:05:33 IST" name="verifybuttontext" finished-at="2022-08-04T08:05:33 IST" duration-ms="102" status="PASS">
          <reporter-output>
          </reporter-output>
        </test-method> <!-- verifybuttontext -->
        <test-method signature="login()[pri:2, instance:tests.LoginTest@3e08ff24]" started-at="2022-08-04T08:05:33 IST" name="login" finished-at="2022-08-04T08:05:36 IST" duration-ms="3295" status="PASS">
          <reporter-output>
          </reporter-output>
        </test-method> <!-- login -->
        <test-method is-config="true" signature="tearDown()[pri:0, instance:tests.LoginTest@3e08ff24]" started-at="2022-08-04T08:05:41 IST" name="tearDown" finished-at="2022-08-04T08:05:41 IST" duration-ms="144" status="PASS">
          <reporter-output>
          </reporter-output>
        </test-method> <!-- tearDown -->
      </class> <!-- tests.LoginTest -->
      <class name="tests.HomePageTest">
        <test-method is-config="true" signature="initObject()[pri:0, instance:tests.HomePageTest@6be968ce]" started-at="2022-08-04T08:05:36 IST" name="initObject" finished-at="2022-08-04T08:05:36 IST" duration-ms="4" status="PASS">
          <reporter-output>
          </reporter-output>
        </test-method> <!-- initObject -->
        <test-method signature="goToTab()[pri:1, instance:tests.HomePageTest@6be968ce]" started-at="2022-08-04T08:05:36 IST" name="goToTab" finished-at="2022-08-04T08:05:39 IST" duration-ms="3087" status="PASS">
          <reporter-output>
          </reporter-output>
        </test-method> <!-- goToTab -->
        <test-method signature="logout()[pri:2, instance:tests.HomePageTest@6be968ce]" started-at="2022-08-04T08:05:39 IST" name="logout" finished-at="2022-08-04T08:05:41 IST" duration-ms="1051" status="PASS">
          <reporter-output>
          </reporter-output>
        </test-method> <!-- logout -->
      </class> <!-- tests.HomePageTest -->
    </test> <!-- Test -->
  </suite> <!-- Suite -->
</testng-results>
